<?xml version="1.0" encoding="UTF-8"?>
<testsuite name="test.RegistrationTest" tests="1" skipped="0" failures="0" errors="0" timestamp="2023-05-26T21:37:58" hostname="MacBook-Air-Firecode.local" time="2595.566">
  <properties/>
  <testcase name="registrationRandomValueTest()" classname="test.RegistrationTest" time="2595.566"/>
  <system-out><![CDATA[Новый email:latest_01237
]]></system-out>
  <system-err><![CDATA[SLF4J: No SLF4J providers were found.
SLF4J: Defaulting to no-operation (NOP) logger implementation
SLF4J: See https://www.slf4j.org/codes.html#noProviders for further details.
Starting ChromeDriver 113.0.5672.63 (0e1a4471d5ae5bf128b1bd8f4d627c8cbd55f70c-refs/branch-heads/5672@{#912}) on port 43148
Only local connections are allowed.
Please see https://chromedriver.chromium.org/security-considerations for suggestions on keeping ChromeDriver safe.
ChromeDriver was started successfully.
мая 27, 2023 1:18:52 AM org.openqa.selenium.devtools.CdpVersionFinder findNearestMatch
]]></system-err>
</testsuite>
